c:\users\administrator\source\repos\barragegame\debug\vc142.pdb
c:\users\administrator\source\repos\barragegame\debug\laser.obj
c:\users\administrator\source\repos\barragegame\debug\keyboardinput.obj
c:\users\administrator\source\repos\barragegame\debug\guidedmissile.obj
c:\users\administrator\source\repos\barragegame\debug\gmsmanager.obj
c:\users\administrator\source\repos\barragegame\debug\gametips.obj
c:\users\administrator\source\repos\barragegame\debug\gamemanager.obj
c:\users\administrator\source\repos\barragegame\debug\gameintroduction.obj
c:\users\administrator\source\repos\barragegame\debug\fps.obj
c:\users\administrator\source\repos\barragegame\debug\firstinterface.obj
c:\users\administrator\source\repos\barragegame\debug\explodecircle.obj
c:\users\administrator\source\repos\barragegame\debug\enemyincubator.obj
c:\users\administrator\source\repos\barragegame\debug\enemy.obj
c:\users\administrator\source\repos\barragegame\debug\effectsmanager.obj
c:\users\administrator\source\repos\barragegame\debug\dogface.obj
c:\users\administrator\source\repos\barragegame\debug\debuff.obj
c:\users\administrator\source\repos\barragegame\debug\combatscene.obj
c:\users\administrator\source\repos\barragegame\debug\collisiondetection.obj
c:\users\administrator\source\repos\barragegame\debug\circlemodule.obj
c:\users\administrator\source\repos\barragegame\debug\bullet.obj
c:\users\administrator\source\repos\barragegame\debug\blemanager.obj
c:\users\administrator\source\repos\barragegame\debug\weaponmanager.obj
c:\users\administrator\source\repos\barragegame\debug\weapon.obj
c:\users\administrator\source\repos\barragegame\debug\timer.obj
c:\users\administrator\source\repos\barragegame\debug\snatch.obj
c:\users\administrator\source\repos\barragegame\debug\skillmanager.obj
c:\users\administrator\source\repos\barragegame\debug\skill.obj
c:\users\administrator\source\repos\barragegame\debug\scene.obj
c:\users\administrator\source\repos\barragegame\debug\rectanglemodule.obj
c:\users\administrator\source\repos\barragegame\debug\point.obj
c:\users\administrator\source\repos\barragegame\debug\player.obj
c:\users\administrator\source\repos\barragegame\debug\pch.obj
c:\users\administrator\source\repos\barragegame\debug\pathfile.obj
c:\users\administrator\source\repos\barragegame\debug\path.obj
c:\users\administrator\source\repos\barragegame\debug\object.obj
c:\users\administrator\source\repos\barragegame\debug\mouseinput.obj
c:\users\administrator\source\repos\barragegame\debug\module.obj
c:\users\administrator\source\repos\barragegame\debug\mmtimer.obj
c:\users\administrator\source\repos\barragegame\debug\main.obj
i:\vsprojects\barragegame\debug\vc142.pdb
i:\vsprojects\barragegame\debug\object.obj
i:\vsprojects\barragegame\debug\module.obj
i:\vsprojects\barragegame\debug\debuff.obj
i:\vsprojects\barragegame\debug\mouseinput.obj
i:\vsprojects\barragegame\debug\keyboardinput.obj
i:\vsprojects\barragegame\debug\gametips.obj
i:\vsprojects\barragegame\debug\timer.obj
i:\vsprojects\barragegame\debug\mmtimer.obj
i:\vsprojects\barragegame\debug\collisiondetection.obj
i:\vsprojects\barragegame\debug\pch.obj
i:\vsprojects\barragegame\debug\path.obj
i:\vsprojects\barragegame\debug\scene.obj
i:\vsprojects\barragegame\debug\explodecircle.obj
i:\vsprojects\barragegame\debug\effectsmanager.obj
i:\vsprojects\barragegame\debug\point.obj
i:\vsprojects\barragegame\debug\pathfile.obj
i:\vsprojects\barragegame\debug\snatch.obj
i:\vsprojects\barragegame\debug\skill.obj
i:\vsprojects\barragegame\debug\rectanglemodule.obj
i:\vsprojects\barragegame\debug\circlemodule.obj
i:\vsprojects\barragegame\debug\enemyincubator.obj
i:\vsprojects\barragegame\debug\dogface.obj
i:\vsprojects\barragegame\debug\weapon.obj
i:\vsprojects\barragegame\debug\enemy.obj
i:\vsprojects\barragegame\debug\weaponmanager.obj
i:\vsprojects\barragegame\debug\laser.obj
i:\vsprojects\barragegame\debug\guidedmissile.obj
i:\vsprojects\barragegame\debug\gmsmanager.obj
i:\vsprojects\barragegame\debug\bullet.obj
i:\vsprojects\barragegame\debug\blemanager.obj
i:\vsprojects\barragegame\debug\skillmanager.obj
i:\vsprojects\barragegame\debug\firstinterface.obj
i:\vsprojects\barragegame\debug\combatscene.obj
i:\vsprojects\barragegame\debug\player.obj
i:\vsprojects\barragegame\debug\gameintroduction.obj
i:\vsprojects\barragegame\debug\main.obj
i:\vsprojects\barragegame\debug\gamemanager.obj
i:\vsprojects\barragegame\debug\fps.obj
i:\vsprojects\barragegame\debug\barragegame.pdb
i:\vsprojects\barragegame\debug\barragegame.tlog\cl.command.1.tlog
i:\vsprojects\barragegame\debug\barragegame.tlog\cl.read.1.tlog
i:\vsprojects\barragegame\debug\barragegame.tlog\cl.write.1.tlog
i:\vsprojects\barragegame\debug\barragegame.tlog\link-cvtres.read.1.tlog
i:\vsprojects\barragegame\debug\barragegame.tlog\link-cvtres.write.1.tlog
i:\vsprojects\barragegame\debug\barragegame.tlog\link-rc.read.1.tlog
i:\vsprojects\barragegame\debug\barragegame.tlog\link-rc.write.1.tlog
i:\vsprojects\barragegame\debug\barragegame.tlog\link.command.1.tlog
i:\vsprojects\barragegame\debug\barragegame.tlog\link.read.1.tlog
i:\vsprojects\barragegame\debug\barragegame.tlog\link.write.1.tlog
