  BleManager.cpp
  Bullet.cpp
  CircleModule.cpp
  CollisionDetection.cpp
  CombatScene.cpp
  Debuff.cpp
  DogFace.cpp
  EffectsManager.cpp
  Enemy.cpp
  EnemyIncubator.cpp
  ExplodeCircle.cpp
  FirstInterface.cpp
  FPS.cpp
  GameIntroduction.cpp
  GameManager.cpp
  GameTips.cpp
  GmsManager.cpp
  GuidedMissile.cpp
  KeyboardInput.cpp
  Laser.cpp
  正在生成代码...
  正在编译...
  main.cpp
  MMTimer.cpp
  Module.cpp
  MouseInput.cpp
  Object.cpp
  Path.cpp
  PathFile.cpp
  pch.cpp
  Player.cpp
  Point.cpp
  RectangleModule.cpp
  Scene.cpp
  Skill.cpp
  SkillManager.cpp
  Snatch.cpp
  Timer.cpp
  Weapon.cpp
  WeaponManager.cpp
  正在生成代码...
  BarrageGame.vcxproj -> C:\Users\Administrator\source\repos\BarrageGame\x64\Debug\BarrageGame.exe
