c:\users\administrator\source\repos\barragegame\x64\debug\vc142.pdb
c:\users\administrator\source\repos\barragegame\x64\debug\vc142.idb
c:\users\administrator\source\repos\barragegame\x64\debug\laser.obj
c:\users\administrator\source\repos\barragegame\x64\debug\keyboardinput.obj
c:\users\administrator\source\repos\barragegame\x64\debug\guidedmissile.obj
c:\users\administrator\source\repos\barragegame\x64\debug\gmsmanager.obj
c:\users\administrator\source\repos\barragegame\x64\debug\gametips.obj
c:\users\administrator\source\repos\barragegame\x64\debug\gamemanager.obj
c:\users\administrator\source\repos\barragegame\x64\debug\gameintroduction.obj
c:\users\administrator\source\repos\barragegame\x64\debug\fps.obj
c:\users\administrator\source\repos\barragegame\x64\debug\firstinterface.obj
c:\users\administrator\source\repos\barragegame\x64\debug\explodecircle.obj
c:\users\administrator\source\repos\barragegame\x64\debug\enemyincubator.obj
c:\users\administrator\source\repos\barragegame\x64\debug\enemy.obj
c:\users\administrator\source\repos\barragegame\x64\debug\effectsmanager.obj
c:\users\administrator\source\repos\barragegame\x64\debug\dogface.obj
c:\users\administrator\source\repos\barragegame\x64\debug\debuff.obj
c:\users\administrator\source\repos\barragegame\x64\debug\combatscene.obj
c:\users\administrator\source\repos\barragegame\x64\debug\collisiondetection.obj
c:\users\administrator\source\repos\barragegame\x64\debug\circlemodule.obj
c:\users\administrator\source\repos\barragegame\x64\debug\bullet.obj
c:\users\administrator\source\repos\barragegame\x64\debug\blemanager.obj
c:\users\administrator\source\repos\barragegame\x64\debug\weaponmanager.obj
c:\users\administrator\source\repos\barragegame\x64\debug\weapon.obj
c:\users\administrator\source\repos\barragegame\x64\debug\timer.obj
c:\users\administrator\source\repos\barragegame\x64\debug\snatch.obj
c:\users\administrator\source\repos\barragegame\x64\debug\skillmanager.obj
c:\users\administrator\source\repos\barragegame\x64\debug\skill.obj
c:\users\administrator\source\repos\barragegame\x64\debug\scene.obj
c:\users\administrator\source\repos\barragegame\x64\debug\rectanglemodule.obj
c:\users\administrator\source\repos\barragegame\x64\debug\point.obj
c:\users\administrator\source\repos\barragegame\x64\debug\player.obj
c:\users\administrator\source\repos\barragegame\x64\debug\pch.obj
c:\users\administrator\source\repos\barragegame\x64\debug\pathfile.obj
c:\users\administrator\source\repos\barragegame\x64\debug\path.obj
c:\users\administrator\source\repos\barragegame\x64\debug\object.obj
c:\users\administrator\source\repos\barragegame\x64\debug\mouseinput.obj
c:\users\administrator\source\repos\barragegame\x64\debug\module.obj
c:\users\administrator\source\repos\barragegame\x64\debug\mmtimer.obj
c:\users\administrator\source\repos\barragegame\x64\debug\main.obj
c:\users\administrator\source\repos\barragegame\x64\debug\barragegame.ilk
c:\users\administrator\source\repos\barragegame\x64\debug\barragegame.exe
c:\users\administrator\source\repos\barragegame\x64\debug\barragegame.pdb
c:\users\administrator\source\repos\barragegame\x64\debug\barragegame.tlog\cl.command.1.tlog
c:\users\administrator\source\repos\barragegame\x64\debug\barragegame.tlog\cl.read.1.tlog
c:\users\administrator\source\repos\barragegame\x64\debug\barragegame.tlog\cl.write.1.tlog
c:\users\administrator\source\repos\barragegame\x64\debug\barragegame.tlog\link.command.1.tlog
c:\users\administrator\source\repos\barragegame\x64\debug\barragegame.tlog\link.read.1.tlog
c:\users\administrator\source\repos\barragegame\x64\debug\barragegame.tlog\link.write.1.tlog
